2023-11-20 00:24:19,907 ERROR 20308 nodejs.ClusterClientNoResponseError: client no response in 965679ms exceeding maxIdleTime 60000ms, maybe the connection is close on other side.
    at Timeout._onTimeout (/Users/kangyu/Sites/other/components-coverage/node_modules/cluster-client/lib/leader.js:79:25)
    at listOnTimeout (node:internal/timers:564:17)
    at process.processTimers (node:internal/timers:507:7)
name: "ClusterClientNoResponseError"
pid: 20308
hostname: kangyu.local

2023-11-20 00:41:17,563 ERROR 20308 nodejs.ClusterClientNoResponseError: client no response in 1017645ms exceeding maxIdleTime 60000ms, maybe the connection is close on other side.
    at Timeout._onTimeout (/Users/kangyu/Sites/other/components-coverage/node_modules/cluster-client/lib/leader.js:79:25)
    at listOnTimeout (node:internal/timers:564:17)
    at process.processTimers (node:internal/timers:507:7)
name: "ClusterClientNoResponseError"
pid: 20308
hostname: kangyu.local

2023-11-20 01:16:18,925 ERROR 20308 nodejs.ClusterClientNoResponseError: client no response in 1021680ms exceeding maxIdleTime 60000ms, maybe the connection is close on other side.
    at Timeout._onTimeout (/Users/kangyu/Sites/other/components-coverage/node_modules/cluster-client/lib/leader.js:79:25)
    at listOnTimeout (node:internal/timers:564:17)
    at process.processTimers (node:internal/timers:507:7)
name: "ClusterClientNoResponseError"
pid: 20308
hostname: kangyu.local

2023-11-20 01:33:02,586 ERROR 20308 nodejs.ClusterClientNoResponseError: client no response in 1003656ms exceeding maxIdleTime 60000ms, maybe the connection is close on other side.
    at Timeout._onTimeout (/Users/kangyu/Sites/other/components-coverage/node_modules/cluster-client/lib/leader.js:79:25)
    at listOnTimeout (node:internal/timers:564:17)
    at process.processTimers (node:internal/timers:507:7)
name: "ClusterClientNoResponseError"
pid: 20308
hostname: kangyu.local

2023-11-20 01:49:17,444 ERROR 20308 nodejs.ClusterClientNoResponseError: client no response in 974856ms exceeding maxIdleTime 60000ms, maybe the connection is close on other side.
    at Timeout._onTimeout (/Users/kangyu/Sites/other/components-coverage/node_modules/cluster-client/lib/leader.js:79:25)
    at listOnTimeout (node:internal/timers:564:17)
    at process.processTimers (node:internal/timers:507:7)
name: "ClusterClientNoResponseError"
pid: 20308
hostname: kangyu.local

2023-11-20 02:07:16,102 ERROR 20308 nodejs.ClusterClientNoResponseError: client no response in 1078536ms exceeding maxIdleTime 60000ms, maybe the connection is close on other side.
    at Timeout._onTimeout (/Users/kangyu/Sites/other/components-coverage/node_modules/cluster-client/lib/leader.js:79:25)
    at listOnTimeout (node:internal/timers:564:17)
    at process.processTimers (node:internal/timers:507:7)
name: "ClusterClientNoResponseError"
pid: 20308
hostname: kangyu.local

2023-11-20 02:23:14,755 ERROR 20308 nodejs.ClusterClientNoResponseError: client no response in 958646ms exceeding maxIdleTime 60000ms, maybe the connection is close on other side.
    at Timeout._onTimeout (/Users/kangyu/Sites/other/components-coverage/node_modules/cluster-client/lib/leader.js:79:25)
    at listOnTimeout (node:internal/timers:564:17)
    at process.processTimers (node:internal/timers:507:7)
name: "ClusterClientNoResponseError"
pid: 20308
hostname: kangyu.local

2023-11-20 02:38:24,537 ERROR 20308 nodejs.ClusterClientNoResponseError: client no response in 909659ms exceeding maxIdleTime 60000ms, maybe the connection is close on other side.
    at Timeout._onTimeout (/Users/kangyu/Sites/other/components-coverage/node_modules/cluster-client/lib/leader.js:79:25)
    at listOnTimeout (node:internal/timers:564:17)
    at process.processTimers (node:internal/timers:507:7)
name: "ClusterClientNoResponseError"
pid: 20308
hostname: kangyu.local

2023-11-20 02:54:34,102 ERROR 20308 nodejs.ClusterClientNoResponseError: client no response in 969556ms exceeding maxIdleTime 60000ms, maybe the connection is close on other side.
    at Timeout._onTimeout (/Users/kangyu/Sites/other/components-coverage/node_modules/cluster-client/lib/leader.js:79:25)
    at listOnTimeout (node:internal/timers:564:17)
    at process.processTimers (node:internal/timers:507:7)
name: "ClusterClientNoResponseError"
pid: 20308
hostname: kangyu.local

2023-11-20 03:10:44,794 ERROR 20308 nodejs.ClusterClientNoResponseError: client no response in 970688ms exceeding maxIdleTime 60000ms, maybe the connection is close on other side.
    at Timeout._onTimeout (/Users/kangyu/Sites/other/components-coverage/node_modules/cluster-client/lib/leader.js:79:25)
    at listOnTimeout (node:internal/timers:564:17)
    at process.processTimers (node:internal/timers:507:7)
name: "ClusterClientNoResponseError"
pid: 20308
hostname: kangyu.local

2023-11-20 03:28:22,398 ERROR 20308 nodejs.ClusterClientNoResponseError: client no response in 1057600ms exceeding maxIdleTime 60000ms, maybe the connection is close on other side.
    at Timeout._onTimeout (/Users/kangyu/Sites/other/components-coverage/node_modules/cluster-client/lib/leader.js:79:25)
    at listOnTimeout (node:internal/timers:564:17)
    at process.processTimers (node:internal/timers:507:7)
name: "ClusterClientNoResponseError"
pid: 20308
hostname: kangyu.local

2023-11-20 03:44:25,928 ERROR 20308 nodejs.ClusterClientNoResponseError: client no response in 963433ms exceeding maxIdleTime 60000ms, maybe the connection is close on other side.
    at Timeout._onTimeout (/Users/kangyu/Sites/other/components-coverage/node_modules/cluster-client/lib/leader.js:79:25)
    at listOnTimeout (node:internal/timers:564:17)
    at process.processTimers (node:internal/timers:507:7)
name: "ClusterClientNoResponseError"
pid: 20308
hostname: kangyu.local

2023-11-20 04:00:50,614 ERROR 20308 nodejs.ClusterClientNoResponseError: client no response in 984682ms exceeding maxIdleTime 60000ms, maybe the connection is close on other side.
    at Timeout._onTimeout (/Users/kangyu/Sites/other/components-coverage/node_modules/cluster-client/lib/leader.js:79:25)
    at listOnTimeout (node:internal/timers:564:17)
    at process.processTimers (node:internal/timers:507:7)
name: "ClusterClientNoResponseError"
pid: 20308
hostname: kangyu.local

2023-11-20 04:16:04,289 ERROR 20308 nodejs.ClusterClientNoResponseError: client no response in 913672ms exceeding maxIdleTime 60000ms, maybe the connection is close on other side.
    at Timeout._onTimeout (/Users/kangyu/Sites/other/components-coverage/node_modules/cluster-client/lib/leader.js:79:25)
    at listOnTimeout (node:internal/timers:564:17)
    at process.processTimers (node:internal/timers:507:7)
name: "ClusterClientNoResponseError"
pid: 20308
hostname: kangyu.local

2023-11-20 04:34:02,039 ERROR 20308 nodejs.ClusterClientNoResponseError: client no response in 1077643ms exceeding maxIdleTime 60000ms, maybe the connection is close on other side.
    at Timeout._onTimeout (/Users/kangyu/Sites/other/components-coverage/node_modules/cluster-client/lib/leader.js:79:25)
    at listOnTimeout (node:internal/timers:564:17)
    at process.processTimers (node:internal/timers:507:7)
name: "ClusterClientNoResponseError"
pid: 20308
hostname: kangyu.local

2023-11-20 04:50:16,687 ERROR 20308 nodejs.ClusterClientNoResponseError: client no response in 974647ms exceeding maxIdleTime 60000ms, maybe the connection is close on other side.
    at Timeout._onTimeout (/Users/kangyu/Sites/other/components-coverage/node_modules/cluster-client/lib/leader.js:79:25)
    at listOnTimeout (node:internal/timers:564:17)
    at process.processTimers (node:internal/timers:507:7)
name: "ClusterClientNoResponseError"
pid: 20308
hostname: kangyu.local

2023-11-20 05:07:43,381 ERROR 20308 nodejs.ClusterClientNoResponseError: client no response in 1046690ms exceeding maxIdleTime 60000ms, maybe the connection is close on other side.
    at Timeout._onTimeout (/Users/kangyu/Sites/other/components-coverage/node_modules/cluster-client/lib/leader.js:79:25)
    at listOnTimeout (node:internal/timers:564:17)
    at process.processTimers (node:internal/timers:507:7)
name: "ClusterClientNoResponseError"
pid: 20308
hostname: kangyu.local

2023-11-20 05:25:00,008 ERROR 20308 nodejs.ClusterClientNoResponseError: client no response in 1036546ms exceeding maxIdleTime 60000ms, maybe the connection is close on other side.
    at Timeout._onTimeout (/Users/kangyu/Sites/other/components-coverage/node_modules/cluster-client/lib/leader.js:79:25)
    at listOnTimeout (node:internal/timers:564:17)
    at process.processTimers (node:internal/timers:507:7)
name: "ClusterClientNoResponseError"
pid: 20308
hostname: kangyu.local

2023-11-20 05:42:38,629 ERROR 20308 nodejs.ClusterClientNoResponseError: client no response in 1058619ms exceeding maxIdleTime 60000ms, maybe the connection is close on other side.
    at Timeout._onTimeout (/Users/kangyu/Sites/other/components-coverage/node_modules/cluster-client/lib/leader.js:79:25)
    at listOnTimeout (node:internal/timers:564:17)
    at process.processTimers (node:internal/timers:507:7)
name: "ClusterClientNoResponseError"
pid: 20308
hostname: kangyu.local

2023-11-20 05:59:04,296 ERROR 20308 nodejs.ClusterClientNoResponseError: client no response in 985663ms exceeding maxIdleTime 60000ms, maybe the connection is close on other side.
    at Timeout._onTimeout (/Users/kangyu/Sites/other/components-coverage/node_modules/cluster-client/lib/leader.js:79:25)
    at listOnTimeout (node:internal/timers:564:17)
    at process.processTimers (node:internal/timers:507:7)
name: "ClusterClientNoResponseError"
pid: 20308
hostname: kangyu.local

2023-11-20 06:16:34,923 ERROR 20308 nodejs.ClusterClientNoResponseError: client no response in 1050620ms exceeding maxIdleTime 60000ms, maybe the connection is close on other side.
    at Timeout._onTimeout (/Users/kangyu/Sites/other/components-coverage/node_modules/cluster-client/lib/leader.js:79:25)
    at listOnTimeout (node:internal/timers:564:17)
    at process.processTimers (node:internal/timers:507:7)
name: "ClusterClientNoResponseError"
pid: 20308
hostname: kangyu.local

2023-11-20 06:32:34,560 ERROR 20308 nodejs.ClusterClientNoResponseError: client no response in 959635ms exceeding maxIdleTime 60000ms, maybe the connection is close on other side.
    at Timeout._onTimeout (/Users/kangyu/Sites/other/components-coverage/node_modules/cluster-client/lib/leader.js:79:25)
    at listOnTimeout (node:internal/timers:564:17)
    at process.processTimers (node:internal/timers:507:7)
name: "ClusterClientNoResponseError"
pid: 20308
hostname: kangyu.local

2023-11-20 06:49:32,086 ERROR 20308 nodejs.ClusterClientNoResponseError: client no response in 1017523ms exceeding maxIdleTime 60000ms, maybe the connection is close on other side.
    at Timeout._onTimeout (/Users/kangyu/Sites/other/components-coverage/node_modules/cluster-client/lib/leader.js:79:25)
    at listOnTimeout (node:internal/timers:564:17)
    at process.processTimers (node:internal/timers:507:7)
name: "ClusterClientNoResponseError"
pid: 20308
hostname: kangyu.local

2023-11-20 07:05:12,819 ERROR 20308 nodejs.ClusterClientNoResponseError: client no response in 940727ms exceeding maxIdleTime 60000ms, maybe the connection is close on other side.
    at Timeout._onTimeout (/Users/kangyu/Sites/other/components-coverage/node_modules/cluster-client/lib/leader.js:79:25)
    at listOnTimeout (node:internal/timers:564:17)
    at process.processTimers (node:internal/timers:507:7)
name: "ClusterClientNoResponseError"
pid: 20308
hostname: kangyu.local

2023-11-20 07:22:35,740 ERROR 20308 nodejs.ClusterClientNoResponseError: client no response in 1042919ms exceeding maxIdleTime 60000ms, maybe the connection is close on other side.
    at Timeout._onTimeout (/Users/kangyu/Sites/other/components-coverage/node_modules/cluster-client/lib/leader.js:79:25)
    at listOnTimeout (node:internal/timers:564:17)
    at process.processTimers (node:internal/timers:507:7)
name: "ClusterClientNoResponseError"
pid: 20308
hostname: kangyu.local

2023-11-20 07:40:28,347 ERROR 20308 nodejs.ClusterClientNoResponseError: client no response in 1072613ms exceeding maxIdleTime 60000ms, maybe the connection is close on other side.
    at Timeout._onTimeout (/Users/kangyu/Sites/other/components-coverage/node_modules/cluster-client/lib/leader.js:79:25)
    at listOnTimeout (node:internal/timers:564:17)
    at process.processTimers (node:internal/timers:507:7)
name: "ClusterClientNoResponseError"
pid: 20308
hostname: kangyu.local

2023-11-20 07:56:24,134 ERROR 20308 nodejs.ClusterClientNoResponseError: client no response in 955785ms exceeding maxIdleTime 60000ms, maybe the connection is close on other side.
    at Timeout._onTimeout (/Users/kangyu/Sites/other/components-coverage/node_modules/cluster-client/lib/leader.js:79:25)
    at listOnTimeout (node:internal/timers:564:17)
    at process.processTimers (node:internal/timers:507:7)
name: "ClusterClientNoResponseError"
pid: 20308
hostname: kangyu.local

2023-11-20 08:05:46,759 ERROR 20308 nodejs.ClusterClientNoResponseError: client no response in 562621ms exceeding maxIdleTime 60000ms, maybe the connection is close on other side.
    at Timeout._onTimeout (/Users/kangyu/Sites/other/components-coverage/node_modules/cluster-client/lib/leader.js:79:25)
    at listOnTimeout (node:internal/timers:564:17)
    at process.processTimers (node:internal/timers:507:7)
name: "ClusterClientNoResponseError"
pid: 20308
hostname: kangyu.local

2023-11-20 08:21:01,472 ERROR 20308 nodejs.ClusterClientNoResponseError: client no response in 914709ms exceeding maxIdleTime 60000ms, maybe the connection is close on other side.
    at Timeout._onTimeout (/Users/kangyu/Sites/other/components-coverage/node_modules/cluster-client/lib/leader.js:79:25)
    at listOnTimeout (node:internal/timers:564:17)
    at process.processTimers (node:internal/timers:507:7)
name: "ClusterClientNoResponseError"
pid: 20308
hostname: kangyu.local

2023-11-20 08:39:38,873 ERROR 20308 nodejs.ClusterClientNoResponseError: client no response in 1077390ms exceeding maxIdleTime 60000ms, maybe the connection is close on other side.
    at Timeout._onTimeout (/Users/kangyu/Sites/other/components-coverage/node_modules/cluster-client/lib/leader.js:79:25)
    at listOnTimeout (node:internal/timers:564:17)
    at process.processTimers (node:internal/timers:507:7)
name: "ClusterClientNoResponseError"
pid: 20308
hostname: kangyu.local

2023-11-20 08:57:32,511 ERROR 20308 nodejs.ClusterClientNoResponseError: client no response in 1073636ms exceeding maxIdleTime 60000ms, maybe the connection is close on other side.
    at Timeout._onTimeout (/Users/kangyu/Sites/other/components-coverage/node_modules/cluster-client/lib/leader.js:79:25)
    at listOnTimeout (node:internal/timers:564:17)
    at process.processTimers (node:internal/timers:507:7)
name: "ClusterClientNoResponseError"
pid: 20308
hostname: kangyu.local

2023-11-20 09:16:17,018 ERROR 20308 nodejs.ClusterClientNoResponseError: client no response in 1068651ms exceeding maxIdleTime 60000ms, maybe the connection is close on other side.
    at Timeout._onTimeout (/Users/kangyu/Sites/other/components-coverage/node_modules/cluster-client/lib/leader.js:79:25)
    at listOnTimeout (node:internal/timers:564:17)
    at process.processTimers (node:internal/timers:507:7)
name: "ClusterClientNoResponseError"
pid: 20308
hostname: kangyu.local

2023-11-20 09:21:23,140 ERROR 20308 nodejs.ClusterClientNoResponseError: client no response in 306008ms exceeding maxIdleTime 60000ms, maybe the connection is close on other side.
    at Timeout._onTimeout (/Users/kangyu/Sites/other/components-coverage/node_modules/cluster-client/lib/leader.js:79:25)
    at listOnTimeout (node:internal/timers:564:17)
    at process.processTimers (node:internal/timers:507:7)
name: "ClusterClientNoResponseError"
pid: 20308
hostname: kangyu.local

